# JRE version: Java(TM) SE Runtime Environment (8.0_25-b18) (build 1.8.0_25-b18)
# Java VM: Java HotSpot(TM) 64-Bit Server VM (25.25-b02 mixed mode windows-amd64 compressed oops)
Heap:
 PSYoungGen      total 110080K, used 22074K [0x00000000d5d80000, 0x00000000dd280000, 0x0000000100000000)
  eden space 100352K, 21% used [0x00000000d5d80000,0x00000000d730eb08,0x00000000dbf80000)
  from space 9728K, 0% used [0x00000000dbf80000,0x00000000dbf80000,0x00000000dc900000)
  to   space 8192K, 0% used [0x00000000dc980000,0x00000000dc980000,0x00000000dd180000)
 ParOldGen       total 84480K, used 11804K [0x0000000081800000, 0x0000000086a80000, 0x00000000d5d80000)
  object space 84480K, 13% used [0x0000000081800000,0x0000000082387008,0x0000000086a80000)
 Metaspace       used 35506K, capacity 37376K, committed 37632K, reserved 1081344K
  class space    used 4727K, capacity 5044K, committed 5120K, reserved 1048576K
GC Heap History (10 events):
Event: 3.248 GC heap before
{Heap before GC invocations=5 (full 1):
 PSYoungGen      total 71680K, used 5103K [0x00000000d5d80000, 0x00000000da880000, 0x0000000100000000)
  eden space 66560K, 0% used [0x00000000d5d80000,0x00000000d5d80000,0x00000000d9e80000)
  from space 5120K, 99% used [0x00000000da380000,0x00000000da87bdf8,0x00000000da880000)
  to   space 5120K, 0% used [0x00000000d9e80000,0x00000000d9e80000,0x00000000da380000)
 ParOldGen       total 87552K, used 5275K [0x0000000081800000, 0x0000000086d80000, 0x00000000d5d80000)
  object space 87552K, 6% used [0x0000000081800000,0x0000000081d26f78,0x0000000086d80000)
 Metaspace       used 20583K, capacity 21172K, committed 21248K, reserved 1067008K
  class space    used 2646K, capacity 2788K, committed 2816K, reserved 1048576K
Event: 3.293 GC heap after
Heap after GC invocations=5 (full 1):
 PSYoungGen      total 71680K, used 0K [0x00000000d5d80000, 0x00000000da880000, 0x0000000100000000)
  eden space 66560K, 0% used [0x00000000d5d80000,0x00000000d5d80000,0x00000000d9e80000)
  from space 5120K, 0% used [0x00000000da380000,0x00000000da380000,0x00000000da880000)
  to   space 5120K, 0% used [0x00000000d9e80000,0x00000000d9e80000,0x00000000da380000)
 ParOldGen       total 56832K, used 6396K [0x0000000081800000, 0x0000000084f80000, 0x00000000d5d80000)
  object space 56832K, 11% used [0x0000000081800000,0x0000000081e3f160,0x0000000084f80000)
 Metaspace       used 20580K, capacity 21164K, committed 21248K, reserved 1067008K
  class space    used 2645K, capacity 2786K, committed 2816K, reserved 1048576K
}
Event: 5.584 GC heap before
{Heap before GC invocations=6 (full 1):
 PSYoungGen      total 71680K, used 66560K [0x00000000d5d80000, 0x00000000da880000, 0x0000000100000000)
  eden space 66560K, 100% used [0x00000000d5d80000,0x00000000d9e80000,0x00000000d9e80000)
  from space 5120K, 0% used [0x00000000da380000,0x00000000da380000,0x00000000da880000)
  to   space 5120K, 0% used [0x00000000d9e80000,0x00000000d9e80000,0x00000000da380000)
 ParOldGen       total 56832K, used 6396K [0x0000000081800000, 0x0000000084f80000, 0x00000000d5d80000)
  object space 56832K, 11% used [0x0000000081800000,0x0000000081e3f160,0x0000000084f80000)
 Metaspace       used 25250K, capacity 26206K, committed 26624K, reserved 1073152K
  class space    used 3280K, capacity 3457K, committed 3584K, reserved 1048576K
Event: 5.593 GC heap after
Heap after GC invocations=6 (full 1):
 PSYoungGen      total 71680K, used 5114K [0x00000000d5d80000, 0x00000000dd180000, 0x0000000100000000)
  eden space 66560K, 0% used [0x00000000d5d80000,0x00000000d5d80000,0x00000000d9e80000)
  from space 5120K, 99% used [0x00000000d9e80000,0x00000000da37ea70,0x00000000da380000)
  to   space 8192K, 0% used [0x00000000dc980000,0x00000000dc980000,0x00000000dd180000)
 ParOldGen       total 56832K, used 8386K [0x0000000081800000, 0x0000000084f80000, 0x00000000d5d80000)
  object space 56832K, 14% used [0x0000000081800000,0x0000000082030aa0,0x0000000084f80000)
 Metaspace       used 25250K, capacity 26206K, committed 26624K, reserved 1073152K
  class space    used 3280K, capacity 3457K, committed 3584K, reserved 1048576K
}
Event: 8.036 GC heap before
{Heap before GC invocations=7 (full 1):
 PSYoungGen      total 71680K, used 71674K [0x00000000d5d80000, 0x00000000dd180000, 0x0000000100000000)
  eden space 66560K, 100% used [0x00000000d5d80000,0x00000000d9e80000,0x00000000d9e80000)
  from space 5120K, 99% used [0x00000000d9e80000,0x00000000da37ea70,0x00000000da380000)
  to   space 8192K, 0% used [0x00000000dc980000,0x00000000dc980000,0x00000000dd180000)
 ParOldGen       total 56832K, used 8386K [0x0000000081800000, 0x0000000084f80000, 0x00000000d5d80000)
  object space 56832K, 14% used [0x0000000081800000,0x0000000082030aa0,0x0000000084f80000)
 Metaspace       used 31176K, capacity 32764K, committed 33024K, reserved 1077248K
  class space    used 4054K, capacity 4318K, committed 4352K, reserved 1048576K
Event: 8.055 GC heap after
Heap after GC invocations=7 (full 1):
 PSYoungGen      total 108544K, used 8183K [0x00000000d5d80000, 0x00000000dd280000, 0x0000000100000000)
  eden space 100352K, 0% used [0x00000000d5d80000,0x00000000d5d80000,0x00000000dbf80000)
  from space 8192K, 99% used [0x00000000dc980000,0x00000000dd17df20,0x00000000dd180000)
  to   space 9728K, 0% used [0x00000000dbf80000,0x00000000dbf80000,0x00000000dc900000)
 ParOldGen       total 56832K, used 9736K [0x0000000081800000, 0x0000000084f80000, 0x00000000d5d80000)
  object space 56832K, 17% used [0x0000000081800000,0x0000000082182160,0x0000000084f80000)
 Metaspace       used 31176K, capacity 32764K, committed 33024K, reserved 1077248K
  class space    used 4054K, capacity 4318K, committed 4352K, reserved 1048576K
}
Event: 8.572 GC heap before
{Heap before GC invocations=8 (full 1):
 PSYoungGen      total 108544K, used 27750K [0x00000000d5d80000, 0x00000000dd280000, 0x0000000100000000)
  eden space 100352K, 19% used [0x00000000d5d80000,0x00000000d709b9b0,0x00000000dbf80000)
  from space 8192K, 99% used [0x00000000dc980000,0x00000000dd17df20,0x00000000dd180000)
  to   space 9728K, 0% used [0x00000000dbf80000,0x00000000dbf80000,0x00000000dc900000)
 ParOldGen       total 56832K, used 9736K [0x0000000081800000, 0x0000000084f80000, 0x00000000d5d80000)
  object space 56832K, 17% used [0x0000000081800000,0x0000000082182160,0x0000000084f80000)
 Metaspace       used 33735K, capacity 35322K, committed 35416K, reserved 1079296K
  class space    used 4458K, capacity 4723K, committed 4736K, reserved 1048576K
Event: 8.591 GC heap after
Heap after GC invocations=8 (full 1):
 PSYoungGen      total 110080K, used 7998K [0x00000000d5d80000, 0x00000000dd280000, 0x0000000100000000)
  eden space 100352K, 0% used [0x00000000d5d80000,0x00000000d5d80000,0x00000000dbf80000)
  from space 9728K, 82% used [0x00000000dbf80000,0x00000000dc74fad0,0x00000000dc900000)
  to   space 8192K, 0% used [0x00000000dc980000,0x00000000dc980000,0x00000000dd180000)
 ParOldGen       total 56832K, used 9744K [0x0000000081800000, 0x0000000084f80000, 0x00000000d5d80000)
  object space 56832K, 17% used [0x0000000081800000,0x0000000082184160,0x0000000084f80000)
 Metaspace       used 33735K, capacity 35322K, committed 35416K, reserved 1079296K
  class space    used 4458K, capacity 4723K, committed 4736K, reserved 1048576K
}
Event: 8.591 GC heap before
{Heap before GC invocations=9 (full 2):
 PSYoungGen      total 110080K, used 7998K [0x00000000d5d80000, 0x00000000dd280000, 0x0000000100000000)
  eden space 100352K, 0% used [0x00000000d5d80000,0x00000000d5d80000,0x00000000dbf80000)
  from space 9728K, 82% used [0x00000000dbf80000,0x00000000dc74fad0,0x00000000dc900000)
  to   space 8192K, 0% used [0x00000000dc980000,0x00000000dc980000,0x00000000dd180000)
 ParOldGen       total 56832K, used 9744K [0x0000000081800000, 0x0000000084f80000, 0x00000000d5d80000)
  object space 56832K, 17% used [0x0000000081800000,0x0000000082184160,0x0000000084f80000)
 Metaspace       used 33735K, capacity 35322K, committed 35416K, reserved 1079296K
  class space    used 4458K, capacity 4723K, committed 4736K, reserved 1048576K
Event: 8.705 GC heap after
Heap after GC invocations=9 (full 2):
 PSYoungGen      total 110080K, used 0K [0x00000000d5d80000, 0x00000000dd280000, 0x0000000100000000)
  eden space 100352K, 0% used [0x00000000d5d80000,0x00000000d5d80000,0x00000000dbf80000)
  from space 9728K, 0% used [0x00000000dbf80000,0x00000000dbf80000,0x00000000dc900000)
  to   space 8192K, 0% used [0x00000000dc980000,0x00000000dc980000,0x00000000dd180000)
 ParOldGen       total 84480K, used 11804K [0x0000000081800000, 0x0000000086a80000, 0x00000000d5d80000)
  object space 84480K, 13% used [0x0000000081800000,0x0000000082387008,0x0000000086a80000)
 Metaspace       used 33735K, capacity 35322K, committed 35416K, reserved 1079296K
  class space    used 4458K, capacity 4723K, committed 4736K, reserved 1048576K
}

