# JRE version: Java(TM) SE Runtime Environment (8.0_25-b18) (build 1.8.0_25-b18)
# Java VM: Java HotSpot(TM) 64-Bit Server VM (25.25-b02 mixed mode windows-amd64 compressed oops)
Heap:
 PSYoungGen      total 154112K, used 72381K [0x00000000d5d80000, 0x00000000e0a80000, 0x0000000100000000)
  eden space 144896K, 43% used [0x00000000d5d80000,0x00000000d9b6e188,0x00000000deb00000)
  from space 9216K, 97% used [0x00000000e0180000,0x00000000e0a41400,0x00000000e0a80000)
  to   space 10240K, 0% used [0x00000000df680000,0x00000000df680000,0x00000000e0080000)
 ParOldGen       total 86016K, used 11215K [0x0000000081800000, 0x0000000086c00000, 0x00000000d5d80000)
  object space 86016K, 13% used [0x0000000081800000,0x00000000822f3d78,0x0000000086c00000)
 Metaspace       used 45055K, capacity 47370K, committed 47408K, reserved 1089536K
  class space    used 6064K, capacity 6445K, committed 6448K, reserved 1048576K
GC Heap History (10 events):
Event: 7.133 GC heap before
{Heap before GC invocations=6 (full 1):
 PSYoungGen      total 71680K, used 66560K [0x00000000d5d80000, 0x00000000da880000, 0x0000000100000000)
  eden space 66560K, 100% used [0x00000000d5d80000,0x00000000d9e80000,0x00000000d9e80000)
  from space 5120K, 0% used [0x00000000da380000,0x00000000da380000,0x00000000da880000)
  to   space 5120K, 0% used [0x00000000d9e80000,0x00000000d9e80000,0x00000000da380000)
 ParOldGen       total 57344K, used 6881K [0x0000000081800000, 0x0000000085000000, 0x00000000d5d80000)
  object space 57344K, 12% used [0x0000000081800000,0x0000000081eb86f8,0x0000000085000000)
 Metaspace       used 24614K, capacity 25622K, committed 25776K, reserved 1071104K
  class space    used 3172K, capacity 3379K, committed 3504K, reserved 1048576K
Event: 7.142 GC heap after
Heap after GC invocations=6 (full 1):
 PSYoungGen      total 71680K, used 5103K [0x00000000d5d80000, 0x00000000dd300000, 0x0000000100000000)
  eden space 66560K, 0% used [0x00000000d5d80000,0x00000000d5d80000,0x00000000d9e80000)
  from space 5120K, 99% used [0x00000000d9e80000,0x00000000da37bc10,0x00000000da380000)
  to   space 8704K, 0% used [0x00000000dca80000,0x00000000dca80000,0x00000000dd300000)
 ParOldGen       total 57344K, used 8699K [0x0000000081800000, 0x0000000085000000, 0x00000000d5d80000)
  object space 57344K, 15% used [0x0000000081800000,0x000000008207eda0,0x0000000085000000)
 Metaspace       used 24614K, capacity 25622K, committed 25776K, reserved 1071104K
  class space    used 3172K, capacity 3379K, committed 3504K, reserved 1048576K
}
Event: 9.054 GC heap before
{Heap before GC invocations=7 (full 1):
 PSYoungGen      total 71680K, used 71663K [0x00000000d5d80000, 0x00000000dd300000, 0x0000000100000000)
  eden space 66560K, 100% used [0x00000000d5d80000,0x00000000d9e80000,0x00000000d9e80000)
  from space 5120K, 99% used [0x00000000d9e80000,0x00000000da37bc10,0x00000000da380000)
  to   space 8704K, 0% used [0x00000000dca80000,0x00000000dca80000,0x00000000dd300000)
 ParOldGen       total 57344K, used 8699K [0x0000000081800000, 0x0000000085000000, 0x00000000d5d80000)
  object space 57344K, 15% used [0x0000000081800000,0x000000008207eda0,0x0000000085000000)
 Metaspace       used 31531K, capacity 32840K, committed 32944K, reserved 1077248K
  class space    used 4192K, capacity 4432K, committed 4528K, reserved 1048576K
Event: 9.069 GC heap after
Heap after GC invocations=7 (full 1):
 PSYoungGen      total 109568K, used 8686K [0x00000000d5d80000, 0x00000000dd300000, 0x0000000100000000)
  eden space 100864K, 0% used [0x00000000d5d80000,0x00000000d5d80000,0x00000000dc000000)
  from space 8704K, 99% used [0x00000000dca80000,0x00000000dd2fb8c0,0x00000000dd300000)
  to   space 9728K, 0% used [0x00000000dc000000,0x00000000dc000000,0x00000000dc980000)
 ParOldGen       total 57344K, used 9683K [0x0000000081800000, 0x0000000085000000, 0x00000000d5d80000)
  object space 57344K, 16% used [0x0000000081800000,0x0000000082174c30,0x0000000085000000)
 Metaspace       used 31531K, capacity 32840K, committed 32944K, reserved 1077248K
  class space    used 4192K, capacity 4432K, committed 4528K, reserved 1048576K
}
Event: 9.786 GC heap before
{Heap before GC invocations=8 (full 1):
 PSYoungGen      total 109568K, used 29132K [0x00000000d5d80000, 0x00000000dd300000, 0x0000000100000000)
  eden space 100864K, 20% used [0x00000000d5d80000,0x00000000d71777e0,0x00000000dc000000)
  from space 8704K, 99% used [0x00000000dca80000,0x00000000dd2fb8c0,0x00000000dd300000)
  to   space 9728K, 0% used [0x00000000dc000000,0x00000000dc000000,0x00000000dc980000)
 ParOldGen       total 57344K, used 9683K [0x0000000081800000, 0x0000000085000000, 0x00000000d5d80000)
  object space 57344K, 16% used [0x0000000081800000,0x0000000082174c30,0x0000000085000000)
 Metaspace       used 33642K, capacity 35398K, committed 35496K, reserved 1079296K
  class space    used 4508K, capacity 4817K, committed 4912K, reserved 1048576K
Event: 9.805 GC heap after
Heap after GC invocations=8 (full 1):
 PSYoungGen      total 110592K, used 7057K [0x00000000d5d80000, 0x00000000e0b00000, 0x0000000100000000)
  eden space 100864K, 0% used [0x00000000d5d80000,0x00000000d5d80000,0x00000000dc000000)
  from space 9728K, 72% used [0x00000000dc000000,0x00000000dc6e4450,0x00000000dc980000)
  to   space 9728K, 0% used [0x00000000e0180000,0x00000000e0180000,0x00000000e0b00000)
 ParOldGen       total 57344K, used 9691K [0x0000000081800000, 0x0000000085000000, 0x00000000d5d80000)
  object space 57344K, 16% used [0x0000000081800000,0x0000000082176c30,0x0000000085000000)
 Metaspace       used 33642K, capacity 35398K, committed 35496K, reserved 1079296K
  class space    used 4508K, capacity 4817K, committed 4912K, reserved 1048576K
}
Event: 9.805 GC heap before
{Heap before GC invocations=9 (full 2):
 PSYoungGen      total 110592K, used 7057K [0x00000000d5d80000, 0x00000000e0b00000, 0x0000000100000000)
  eden space 100864K, 0% used [0x00000000d5d80000,0x00000000d5d80000,0x00000000dc000000)
  from space 9728K, 72% used [0x00000000dc000000,0x00000000dc6e4450,0x00000000dc980000)
  to   space 9728K, 0% used [0x00000000e0180000,0x00000000e0180000,0x00000000e0b00000)
 ParOldGen       total 57344K, used 9691K [0x0000000081800000, 0x0000000085000000, 0x00000000d5d80000)
  object space 57344K, 16% used [0x0000000081800000,0x0000000082176c30,0x0000000085000000)
 Metaspace       used 33642K, capacity 35398K, committed 35496K, reserved 1079296K
  class space    used 4508K, capacity 4817K, committed 4912K, reserved 1048576K
Event: 9.915 GC heap after
Heap after GC invocations=9 (full 2):
 PSYoungGen      total 110592K, used 0K [0x00000000d5d80000, 0x00000000e0b00000, 0x0000000100000000)
  eden space 100864K, 0% used [0x00000000d5d80000,0x00000000d5d80000,0x00000000dc000000)
  from space 9728K, 0% used [0x00000000dc000000,0x00000000dc000000,0x00000000dc980000)
  to   space 9728K, 0% used [0x00000000e0180000,0x00000000e0180000,0x00000000e0b00000)
 ParOldGen       total 86016K, used 11207K [0x0000000081800000, 0x0000000086c00000, 0x00000000d5d80000)
  object space 86016K, 13% used [0x0000000081800000,0x00000000822f1d78,0x0000000086c00000)
 Metaspace       used 33642K, capacity 35398K, committed 35496K, reserved 1079296K
  class space    used 4508K, capacity 4817K, committed 4912K, reserved 1048576K
}
Event: 13.624 GC heap before
{Heap before GC invocations=10 (full 2):
 PSYoungGen      total 110592K, used 100864K [0x00000000d5d80000, 0x00000000e0b00000, 0x0000000100000000)
  eden space 100864K, 100% used [0x00000000d5d80000,0x00000000dc000000,0x00000000dc000000)
  from space 9728K, 0% used [0x00000000dc000000,0x00000000dc000000,0x00000000dc980000)
  to   space 9728K, 0% used [0x00000000e0180000,0x00000000e0180000,0x00000000e0b00000)
 ParOldGen       total 86016K, used 11207K [0x0000000081800000, 0x0000000086c00000, 0x00000000d5d80000)
  object space 86016K, 13% used [0x0000000081800000,0x00000000822f1d78,0x0000000086c00000)
 Metaspace       used 40791K, capacity 42818K, committed 43056K, reserved 1087488K
  class space    used 5470K, capacity 5817K, committed 5936K, reserved 1048576K
Event: 13.639 GC heap after
Heap after GC invocations=10 (full 2):
 PSYoungGen      total 154112K, used 8965K [0x00000000d5d80000, 0x00000000e0a80000, 0x0000000100000000)
  eden space 144896K, 0% used [0x00000000d5d80000,0x00000000d5d80000,0x00000000deb00000)
  from space 9216K, 97% used [0x00000000e0180000,0x00000000e0a41400,0x00000000e0a80000)
  to   space 10240K, 0% used [0x00000000df680000,0x00000000df680000,0x00000000e0080000)
 ParOldGen       total 86016K, used 11215K [0x0000000081800000, 0x0000000086c00000, 0x00000000d5d80000)
  object space 86016K, 13% used [0x0000000081800000,0x00000000822f3d78,0x0000000086c00000)
 Metaspace       used 40791K, capacity 42818K, committed 43056K, reserved 1087488K
  class space    used 5470K, capacity 5817K, committed 5936K, reserved 1048576K
}

