# JRE version: Java(TM) SE Runtime Environment (8.0_25-b18) (build 1.8.0_25-b18)
# Java VM: Java HotSpot(TM) 64-Bit Server VM (25.25-b02 mixed mode windows-amd64 compressed oops)
Heap:
 PSYoungGen      total 111104K, used 21038K [0x00000000d5d80000, 0x00000000e1100000, 0x0000000100000000)
  eden space 100864K, 20% used [0x00000000d5d80000,0x00000000d720b958,0x00000000dc000000)
  from space 10240K, 0% used [0x00000000dc000000,0x00000000dc000000,0x00000000dca00000)
  to   space 10240K, 0% used [0x00000000e0700000,0x00000000e0700000,0x00000000e1100000)
 ParOldGen       total 58368K, used 10409K [0x0000000081800000, 0x0000000085100000, 0x00000000d5d80000)
  object space 58368K, 17% used [0x0000000081800000,0x000000008222a4e0,0x0000000085100000)
 Metaspace       used 35685K, capacity 37574K, committed 37632K, reserved 1081344K
  class space    used 4742K, capacity 5077K, committed 5120K, reserved 1048576K
GC Heap History (10 events):
Event: 3.673 GC heap before
{Heap before GC invocations=5 (full 1):
 PSYoungGen      total 71680K, used 5112K [0x00000000d5d80000, 0x00000000da880000, 0x0000000100000000)
  eden space 66560K, 0% used [0x00000000d5d80000,0x00000000d5d80000,0x00000000d9e80000)
  from space 5120K, 99% used [0x00000000da380000,0x00000000da87e188,0x00000000da880000)
  to   space 5120K, 0% used [0x00000000d9e80000,0x00000000d9e80000,0x00000000da380000)
 ParOldGen       total 87552K, used 6005K [0x0000000081800000, 0x0000000086d80000, 0x00000000d5d80000)
  object space 87552K, 6% used [0x0000000081800000,0x0000000081ddd4d8,0x0000000086d80000)
 Metaspace       used 20498K, capacity 21190K, committed 21248K, reserved 1067008K
  class space    used 2604K, capacity 2781K, committed 2816K, reserved 1048576K
Event: 3.729 GC heap after
Heap after GC invocations=5 (full 1):
 PSYoungGen      total 71680K, used 0K [0x00000000d5d80000, 0x00000000da880000, 0x0000000100000000)
  eden space 66560K, 0% used [0x00000000d5d80000,0x00000000d5d80000,0x00000000d9e80000)
  from space 5120K, 0% used [0x00000000da380000,0x00000000da380000,0x00000000da880000)
  to   space 5120K, 0% used [0x00000000d9e80000,0x00000000d9e80000,0x00000000da380000)
 ParOldGen       total 58368K, used 7601K [0x0000000081800000, 0x0000000085100000, 0x00000000d5d80000)
  object space 58368K, 13% used [0x0000000081800000,0x0000000081f6c568,0x0000000085100000)
 Metaspace       used 20497K, capacity 21188K, committed 21248K, reserved 1067008K
  class space    used 2603K, capacity 2780K, committed 2816K, reserved 1048576K
}
Event: 5.488 GC heap before
{Heap before GC invocations=6 (full 1):
 PSYoungGen      total 71680K, used 66560K [0x00000000d5d80000, 0x00000000da880000, 0x0000000100000000)
  eden space 66560K, 100% used [0x00000000d5d80000,0x00000000d9e80000,0x00000000d9e80000)
  from space 5120K, 0% used [0x00000000da380000,0x00000000da380000,0x00000000da880000)
  to   space 5120K, 0% used [0x00000000d9e80000,0x00000000d9e80000,0x00000000da380000)
 ParOldGen       total 58368K, used 7601K [0x0000000081800000, 0x0000000085100000, 0x00000000d5d80000)
  object space 58368K, 13% used [0x0000000081800000,0x0000000081f6c568,0x0000000085100000)
 Metaspace       used 25140K, capacity 26224K, committed 26240K, reserved 1073152K
  class space    used 3238K, capacity 3444K, committed 3456K, reserved 1048576K
Event: 5.497 GC heap after
Heap after GC invocations=6 (full 1):
 PSYoungGen      total 71680K, used 5094K [0x00000000d5d80000, 0x00000000dd380000, 0x0000000100000000)
  eden space 66560K, 0% used [0x00000000d5d80000,0x00000000d5d80000,0x00000000d9e80000)
  from space 5120K, 99% used [0x00000000d9e80000,0x00000000da379970,0x00000000da380000)
  to   space 9216K, 0% used [0x00000000dca80000,0x00000000dca80000,0x00000000dd380000)
 ParOldGen       total 58368K, used 9850K [0x0000000081800000, 0x0000000085100000, 0x00000000d5d80000)
  object space 58368K, 16% used [0x0000000081800000,0x000000008219eb40,0x0000000085100000)
 Metaspace       used 25140K, capacity 26224K, committed 26240K, reserved 1073152K
  class space    used 3238K, capacity 3444K, committed 3456K, reserved 1048576K
}
Event: 6.849 GC heap before
{Heap before GC invocations=7 (full 1):
 PSYoungGen      total 71680K, used 71654K [0x00000000d5d80000, 0x00000000dd380000, 0x0000000100000000)
  eden space 66560K, 100% used [0x00000000d5d80000,0x00000000d9e80000,0x00000000d9e80000)
  from space 5120K, 99% used [0x00000000d9e80000,0x00000000da379970,0x00000000da380000)
  to   space 9216K, 0% used [0x00000000dca80000,0x00000000dca80000,0x00000000dd380000)
 ParOldGen       total 58368K, used 9850K [0x0000000081800000, 0x0000000085100000, 0x00000000d5d80000)
  object space 58368K, 16% used [0x0000000081800000,0x000000008219eb40,0x0000000085100000)
 Metaspace       used 32384K, capacity 33692K, committed 34048K, reserved 1079296K
  class space    used 4305K, capacity 4536K, committed 4608K, reserved 1048576K
Event: 6.865 GC heap after
Heap after GC invocations=7 (full 1):
 PSYoungGen      total 110080K, used 9207K [0x00000000d5d80000, 0x00000000dd400000, 0x0000000100000000)
  eden space 100864K, 0% used [0x00000000d5d80000,0x00000000d5d80000,0x00000000dc000000)
  from space 9216K, 99% used [0x00000000dca80000,0x00000000dd37dd78,0x00000000dd380000)
  to   space 10240K, 0% used [0x00000000dc000000,0x00000000dc000000,0x00000000dca00000)
 ParOldGen       total 58368K, used 10418K [0x0000000081800000, 0x0000000085100000, 0x00000000d5d80000)
  object space 58368K, 17% used [0x0000000081800000,0x000000008222c910,0x0000000085100000)
 Metaspace       used 32384K, capacity 33692K, committed 34048K, reserved 1079296K
  class space    used 4305K, capacity 4536K, committed 4608K, reserved 1048576K
}
Event: 7.344 GC heap before
{Heap before GC invocations=8 (full 1):
 PSYoungGen      total 110080K, used 20587K [0x00000000d5d80000, 0x00000000dd400000, 0x0000000100000000)
  eden space 100864K, 11% used [0x00000000d5d80000,0x00000000d689cf30,0x00000000dc000000)
  from space 9216K, 99% used [0x00000000dca80000,0x00000000dd37dd78,0x00000000dd380000)
  to   space 10240K, 0% used [0x00000000dc000000,0x00000000dc000000,0x00000000dca00000)
 ParOldGen       total 58368K, used 10418K [0x0000000081800000, 0x0000000085100000, 0x00000000d5d80000)
  object space 58368K, 17% used [0x0000000081800000,0x000000008222c910,0x0000000085100000)
 Metaspace       used 33625K, capacity 35360K, committed 35416K, reserved 1079296K
  class space    used 4502K, capacity 4810K, committed 4864K, reserved 1048576K
Event: 7.370 GC heap after
Heap after GC invocations=8 (full 1):
 PSYoungGen      total 111104K, used 6050K [0x00000000d5d80000, 0x00000000e1100000, 0x0000000100000000)
  eden space 100864K, 0% used [0x00000000d5d80000,0x00000000d5d80000,0x00000000dc000000)
  from space 10240K, 59% used [0x00000000dc000000,0x00000000dc5e8ad8,0x00000000dca00000)
  to   space 10240K, 0% used [0x00000000e0700000,0x00000000e0700000,0x00000000e1100000)
 ParOldGen       total 58368K, used 10426K [0x0000000081800000, 0x0000000085100000, 0x00000000d5d80000)
  object space 58368K, 17% used [0x0000000081800000,0x000000008222e910,0x0000000085100000)
 Metaspace       used 33625K, capacity 35360K, committed 35416K, reserved 1079296K
  class space    used 4502K, capacity 4810K, committed 4864K, reserved 1048576K
}
Event: 7.370 GC heap before
{Heap before GC invocations=9 (full 2):
 PSYoungGen      total 111104K, used 6050K [0x00000000d5d80000, 0x00000000e1100000, 0x0000000100000000)
  eden space 100864K, 0% used [0x00000000d5d80000,0x00000000d5d80000,0x00000000dc000000)
  from space 10240K, 59% used [0x00000000dc000000,0x00000000dc5e8ad8,0x00000000dca00000)
  to   space 10240K, 0% used [0x00000000e0700000,0x00000000e0700000,0x00000000e1100000)
 ParOldGen       total 58368K, used 10426K [0x0000000081800000, 0x0000000085100000, 0x00000000d5d80000)
  object space 58368K, 17% used [0x0000000081800000,0x000000008222e910,0x0000000085100000)
 Metaspace       used 33625K, capacity 35360K, committed 35416K, reserved 1079296K
  class space    used 4502K, capacity 4810K, committed 4864K, reserved 1048576K
Event: 7.462 GC heap after
Heap after GC invocations=9 (full 2):
 PSYoungGen      total 111104K, used 0K [0x00000000d5d80000, 0x00000000e1100000, 0x0000000100000000)
  eden space 100864K, 0% used [0x00000000d5d80000,0x00000000d5d80000,0x00000000dc000000)
  from space 10240K, 0% used [0x00000000dc000000,0x00000000dc000000,0x00000000dca00000)
  to   space 10240K, 0% used [0x00000000e0700000,0x00000000e0700000,0x00000000e1100000)
 ParOldGen       total 58368K, used 10409K [0x0000000081800000, 0x0000000085100000, 0x00000000d5d80000)
  object space 58368K, 17% used [0x0000000081800000,0x000000008222a4e0,0x0000000085100000)
 Metaspace       used 33625K, capacity 35360K, committed 35416K, reserved 1079296K
  class space    used 4502K, capacity 4810K, committed 4864K, reserved 1048576K
}

